<?xml version="1.0" encoding="UTF-8"?>
<testsuite name="1"
           tests="3"
           failures="1"
           errors="0"
           skipped="2"
           time="1.849">
  <properties />
            <testcase name="setup" time="1.849" classname="testcases.Parallel">
                <failure type="java.lang.NullPointerException"
                  message="null value in entry: url=null"
              >
<![CDATA[java.lang.NullPointerException: null value in entry: url=null
  com.google.common.collect.CollectPreconditions.checkEntryNotNull(CollectPreconditions.java:32)
  com.google.common.collect.SingletonImmutableBiMap.<init>(SingletonImmutableBiMap.java:42)
  com.google.common.collect.ImmutableBiMap.of(ImmutableBiMap.java:71)
  com.google.common.collect.ImmutableMap.of(ImmutableMap.java:120)
  org.openqa.selenium.remote.DriverCommand.GET(DriverCommand.java:194)
  org.openqa.selenium.remote.RemoteWebDriver.get(RemoteWebDriver.java:305)
  com.base.Base.setup(Base.java:59)
  java.base/jdk.internal.reflect.NativeMethodAccessorImpl.invoke0(Native Method)
  java.base/jdk.internal.reflect.NativeMethodAccessorImpl.invoke(NativeMethodAccessorImpl.java:62)
  java.base/jdk.internal.reflect.DelegatingMethodAccessorImpl.invoke(DelegatingMethodAccessorImpl.java:43)
  java.base/java.lang.reflect.Method.invoke(Method.java:566)
  org.testng.internal.invokers.MethodInvocationHelper.invokeMethod(MethodInvocationHelper.java:139)
  org.testng.internal.invokers.MethodInvocationHelper.invokeMethodConsideringTimeout(MethodInvocationHelper.java:69)
  org.testng.internal.invokers.ConfigInvoker.invokeConfigurationMethod(ConfigInvoker.java:393)
  org.testng.internal.invokers.ConfigInvoker.invokeConfigurations(ConfigInvoker.java:326)
  org.testng.internal.invokers.TestInvoker.runConfigMethods(TestInvoker.java:810)
  org.testng.internal.invokers.TestInvoker.invokeMethod(TestInvoker.java:578)
  org.testng.internal.invokers.TestInvoker.invokeTestMethod(TestInvoker.java:228)
  org.testng.internal.invokers.MethodRunner.runInSequence(MethodRunner.java:63)
  org.testng.internal.invokers.TestInvoker$MethodInvocationAgent.invoke(TestInvoker.java:961)
  org.testng.internal.invokers.TestInvoker.invokeTestMethods(TestInvoker.java:201)
  org.testng.internal.invokers.TestMethodWorker.invokeTestMethods(TestMethodWorker.java:148)
  org.testng.internal.invokers.TestMethodWorker.run(TestMethodWorker.java:128)
  java.base/java.util.ArrayList.forEach(ArrayList.java:1541)
  org.testng.TestRunner.privateRun(TestRunner.java:819)
  org.testng.TestRunner.run(TestRunner.java:619)
  org.testng.SuiteRunner.runTest(SuiteRunner.java:443)
  org.testng.SuiteRunner$SuiteWorker.run(SuiteRunner.java:481)
  org.testng.internal.thread.ThreadUtil.lambda$execute$0(ThreadUtil.java:58)
  java.base/java.util.concurrent.FutureTask.run(FutureTask.java:264)
  java.base/java.util.concurrent.ThreadPoolExecutor.runWorker(ThreadPoolExecutor.java:1128)
  java.base/java.util.concurrent.ThreadPoolExecutor$Worker.run(ThreadPoolExecutor.java:628)
  java.base/java.lang.Thread.run(Thread.java:829)
]]>
      </failure>

          </testcase>
  
            <testcase name="teardown" time="0.0" classname="testcases.Parallel">
          <skipped />
    </testcase>
            <testcase name="test1" time="0.0" classname="testcases.Parallel">
          <skipped />
    </testcase>
  
  
</testsuite>
